<?xml version="1.0" encoding="UTF-8"?>
<!-- Generated by org.testng.reporters.JUnitXMLReporter -->
<testsuite ignored="1" hostname="selva" failures="0" tests="2" name="Default test" time="11.012" errors="0" timestamp="01 Apr 2022 16:59:38 GMT">
  <testcase classname="com.flipkart.stepdefinitions.LoginValidation" name="method1" time="0.222"/>
  <testcase classname="com.flipkart.stepdefinitions.LoginValidation" name="search" time="0.356"/>
  <testcase classname="com.flipkart.stepdefinitions.LoginValidation" name="login" time="0.0">
    <ignored/>
  </testcase> <!-- login -->
</testsuite> <!-- Default test -->
