<?xml version="1.0" encoding="UTF-8"?>
<!-- Generated by org.testng.reporters.JUnitXMLReporter -->
<testsuite ignored="1" hostname="selva" failures="1" tests="2" name="Test" time="13.478" errors="0" timestamp="01 Apr 2022 16:57:23 GMT">
  <testcase classname="com.flipkart.stepdefinitions.LoginValidation" name="method1" time="0.191"/>
  <testcase classname="com.flipkart.stepdefinitions.LoginValidation" name="search" time="0.0">
    <failure type="org.testng.TestNGException" message="
Cannot inject @Test annotated Method [search] with [class java.lang.String, class java.lang.String].
For more information on native dependency injection please refer to http://testng.org/doc/documentation-main.html#native-dependency-injection">
      <![CDATA[org.testng.TestNGException: 
Cannot inject @Test annotated Method [search] with [class java.lang.String, class java.lang.String].
For more information on native dependency injection please refer to http://testng.org/doc/documentation-main.html#native-dependency-injection
... Removed 24 stack frames]]>
    </failure>
  </testcase> <!-- search -->
  <testcase classname="com.flipkart.stepdefinitions.LoginValidation" name="login" time="0.0">
    <ignored/>
  </testcase> <!-- login -->
</testsuite> <!-- Test -->
