<?xml version="1.0" encoding="UTF-8"?>
<testng-results ignored="1" total="3" passed="2" failed="0" skipped="0">
  <reporter-output>
  </reporter-output>
  <suite started-at="2022-04-01T16:59:27Z" name="Default suite" finished-at="2022-04-01T16:59:38Z" duration-ms="11012">
    <groups>
    </groups>
    <test started-at="2022-04-01T16:59:27Z" name="Default test" finished-at="2022-04-01T16:59:38Z" duration-ms="11012">
      <class name="com.flipkart.stepdefinitions.LoginValidation">
        <test-method is-config="true" signature="bc()[pri:0, instance:com.flipkart.stepdefinitions.LoginValidation@436c81a3]" started-at="2022-04-01T16:59:27Z" name="bc" finished-at="2022-04-01T16:59:37Z" duration-ms="10282" status="PASS">
          <reporter-output>
          </reporter-output>
        </test-method> <!-- bc -->
        <test-method signature="method1()[pri:2, instance:com.flipkart.stepdefinitions.LoginValidation@436c81a3]" started-at="2022-04-01T16:59:37Z" name="method1" finished-at="2022-04-01T16:59:37Z" duration-ms="222" status="PASS">
          <reporter-output>
          </reporter-output>
        </test-method> <!-- method1 -->
        <test-method is-config="true" signature="startsAt()[pri:0, instance:com.flipkart.stepdefinitions.LoginValidation@436c81a3]" started-at="2022-04-01T16:59:37Z" name="startsAt" finished-at="2022-04-01T16:59:37Z" duration-ms="0" status="PASS">
          <reporter-output>
          </reporter-output>
        </test-method> <!-- startsAt -->
        <test-method is-config="true" signature="endsAt()[pri:0, instance:com.flipkart.stepdefinitions.LoginValidation@436c81a3]" started-at="2022-04-01T16:59:37Z" name="endsAt" finished-at="2022-04-01T16:59:37Z" duration-ms="5" status="PASS">
          <reporter-output>
          </reporter-output>
        </test-method> <!-- endsAt -->
        <test-method is-config="true" signature="startsAt()[pri:0, instance:com.flipkart.stepdefinitions.LoginValidation@436c81a3]" started-at="2022-04-01T16:59:37Z" name="startsAt" finished-at="2022-04-01T16:59:37Z" duration-ms="1" status="PASS">
          <reporter-output>
          </reporter-output>
        </test-method> <!-- startsAt -->
        <test-method signature="search(java.lang.String, java.lang.String)[pri:3, instance:com.flipkart.stepdefinitions.LoginValidation@436c81a3]" started-at="2022-04-01T16:59:37Z" name="search" data-provider="mobileNames" finished-at="2022-04-01T16:59:38Z" duration-ms="356" status="PASS">
          <params>
            <param index="0">
              <value>
                <![CDATA[realme]]>
              </value>
            </param>
            <param index="1">
              <value>
                <![CDATA[samsung]]>
              </value>
            </param>
          </params>
          <reporter-output>
          </reporter-output>
        </test-method> <!-- search -->
        <test-method is-config="true" signature="endsAt()[pri:0, instance:com.flipkart.stepdefinitions.LoginValidation@436c81a3]" started-at="2022-04-01T16:59:38Z" name="endsAt" finished-at="2022-04-01T16:59:38Z" duration-ms="0" status="PASS">
          <reporter-output>
          </reporter-output>
        </test-method> <!-- endsAt -->
        <test-method is-config="true" signature="ac()[pri:0, instance:com.flipkart.stepdefinitions.LoginValidation@436c81a3]" started-at="2022-04-01T16:59:38Z" name="ac" finished-at="2022-04-01T16:59:38Z" duration-ms="0" status="PASS">
          <reporter-output>
          </reporter-output>
        </test-method> <!-- ac -->
      </class> <!-- com.flipkart.stepdefinitions.LoginValidation -->
    </test> <!-- Default test -->
  </suite> <!-- Default suite -->
</testng-results>
